#
# There is insufficient memory for the Java Runtime Environment to continue.
# Native memory allocation (malloc) failed to allocate 32744 bytes for ChunkPool::allocate
# Possible reasons:
#   The system is out of physical RAM or swap space
#   The process is running with CompressedOops enabled, and the Java Heap may be blocking the growth of the native heap
# Possible solutions:
#   Reduce memory load on the system
#   Increase physical memory or swap space
#   Check if swap backing store is full
#   Decrease Java heap size (-Xmx/-Xms)
#   Decrease number of Java threads
#   Decrease Java thread stack sizes (-Xss)
#   Set larger code cache with -XX:ReservedCodeCacheSize=
#   JVM is running with Unscaled Compressed Oops mode in which the Java heap is
#     placed in the first 4GB address space. The Java Heap base address is the
#     maximum limit for the native heap growth. Please use -XX:HeapBaseMinAddress
#     to set the Java Heap base and to place the Java Heap above 4GB virtual address.
# This output file may be truncated or incomplete.
#
#  Out of Memory Error (arena.cpp:78), pid=13648, tid=18828
#
# JRE version: OpenJDK Runtime Environment Temurin-17.0.7+7 (17.0.7+7) (build 17.0.7+7)
# Java VM: OpenJDK 64-Bit Server VM Temurin-17.0.7+7 (17.0.7+7, mixed mode, tiered, compressed oops, compressed class ptrs, parallel gc, windows-amd64)
# No core dump will be written. Minidumps are not enabled by default on client versions of Windows
#

---------------  S U M M A R Y ------------

Command Line: --add-modules=ALL-SYSTEM --add-opens=java.base/java.util=ALL-UNNAMED --add-opens=java.base/java.lang=ALL-UNNAMED --add-opens=java.base/sun.nio.fs=ALL-UNNAMED -Declipse.application=org.eclipse.jdt.ls.core.id1 -Dosgi.bundles.defaultStartLevel=4 -Declipse.product=org.eclipse.jdt.ls.core.product -Djava.import.generatesMetadataFilesAtProjectRoot=false -Dfile.encoding=utf8 -XX:+UseParallelGC -XX:GCTimeRatio=4 -XX:AdaptiveSizePolicyWeight=90 -Dsun.zip.disableMemoryMapping=true -Xmx1G -Xms100m -Xlog:disable -javaagent:c:\Users\chaym\.vscode\extensions\redhat.java-1.21.0-win32-x64\lombok\lombok-1.18.28.jar c:\Users\chaym\.vscode\extensions\redhat.java-1.21.0-win32-x64\server\plugins\org.eclipse.equinox.launcher_1.6.500.v20230717-2134.jar -configuration c:\Users\chaym\AppData\Roaming\Code\User\globalStorage\redhat.java\1.21.0\config_ss_win -data c:\Users\chaym\AppData\Roaming\Code\User\workspaceStorage\fe70d8169eee6b8484c2cacaaefc4fa9\redhat.java\ss_ws

Host: Intel(R) Celeron(R) N4020 CPU @ 1.10GHz, 2 cores, 3G,  Windows 11 , 64 bit Build 22621 (10.0.22621.2215)
Time: Mon Sep 11 11:41:51 2023 Afr. centrale Ouest elapsed time: 27.592777 seconds (0d 0h 0m 27s)

---------------  T H R E A D  ---------------

Current thread (0x0000024bde24dbc0):  JavaThread "C1 CompilerThread0" daemon [_thread_in_native, id=18828, stack(0x000000dc2b300000,0x000000dc2b400000)]


Current CompileTask:
C1:  27593  553       3       sun.security.provider.ByteArrayAccess::b2iBig64 (231 bytes)

Stack: [0x000000dc2b300000,0x000000dc2b400000]
Native frames: (J=compiled Java code, j=interpreted, Vv=VM code, C=native code)
V  [jvm.dll+0x67754a]
V  [jvm.dll+0x834304]
V  [jvm.dll+0x835aae]
V  [jvm.dll+0x836113]
V  [jvm.dll+0x24696f]
V  [jvm.dll+0xac2cc]
V  [jvm.dll+0xac67c]
V  [jvm.dll+0x16b05a]
V  [jvm.dll+0x15eb4e]
V  [jvm.dll+0x14ce70]
V  [jvm.dll+0x135a57]
V  [jvm.dll+0x1353df]
V  [jvm.dll+0x135616]
V  [jvm.dll+0x134aaa]
V  [jvm.dll+0x136771]
V  [jvm.dll+0x2284da]
V  [jvm.dll+0x226615]
V  [jvm.dll+0x7ea90b]
V  [jvm.dll+0x7e4e7a]
V  [jvm.dll+0x676395]
C  [ucrtbase.dll+0x29363]
C  [KERNEL32.DLL+0x1257d]
C  [ntdll.dll+0x5aa68]


---------------  P R O C E S S  ---------------

Threads class SMR info:
_java_thread_list=0x0000024be3251e90, length=12, elements={
0x0000024bca3dc270, 0x0000024bde1b4030, 0x0000024bde1b5310, 0x0000024bde1e3f20,
0x0000024bde1e67f0, 0x0000024bde1e73a0, 0x0000024bde1e7f50, 0x0000024bde1e8ee0,
0x0000024bde24dbc0, 0x0000024bde2538a0, 0x0000024bca43ce00, 0x0000024be3240b80
}

Java Threads: ( => current thread )
  0x0000024bca3dc270 JavaThread "main" [_thread_in_vm, id=20116, stack(0x000000dc2a900000,0x000000dc2aa00000)]
  0x0000024bde1b4030 JavaThread "Reference Handler" daemon [_thread_blocked, id=272, stack(0x000000dc2ac00000,0x000000dc2ad00000)]
  0x0000024bde1b5310 JavaThread "Finalizer" daemon [_thread_blocked, id=12980, stack(0x000000dc2ad00000,0x000000dc2ae00000)]
  0x0000024bde1e3f20 JavaThread "Signal Dispatcher" daemon [_thread_blocked, id=20148, stack(0x000000dc2ae00000,0x000000dc2af00000)]
  0x0000024bde1e67f0 JavaThread "Attach Listener" daemon [_thread_blocked, id=17884, stack(0x000000dc2af00000,0x000000dc2b000000)]
  0x0000024bde1e73a0 JavaThread "Service Thread" daemon [_thread_blocked, id=5700, stack(0x000000dc2b000000,0x000000dc2b100000)]
  0x0000024bde1e7f50 JavaThread "Monitor Deflation Thread" daemon [_thread_blocked, id=20964, stack(0x000000dc2b100000,0x000000dc2b200000)]
  0x0000024bde1e8ee0 JavaThread "C2 CompilerThread0" daemon [_thread_in_native, id=20536, stack(0x000000dc2b200000,0x000000dc2b300000)]
=>0x0000024bde24dbc0 JavaThread "C1 CompilerThread0" daemon [_thread_in_native, id=18828, stack(0x000000dc2b300000,0x000000dc2b400000)]
  0x0000024bde2538a0 JavaThread "Sweeper thread" daemon [_thread_blocked, id=6776, stack(0x000000dc2b400000,0x000000dc2b500000)]
  0x0000024bca43ce00 JavaThread "Common-Cleaner" daemon [_thread_blocked, id=8460, stack(0x000000dc2b500000,0x000000dc2b600000)]
  0x0000024be3240b80 JavaThread "Notification Thread" daemon [_thread_blocked, id=19804, stack(0x000000dc2b600000,0x000000dc2b700000)]

Other Threads:
  0x0000024bde19f7c0 VMThread "VM Thread" [stack: 0x000000dc2ab00000,0x000000dc2ac00000] [id=7984]
  0x0000024be324a9f0 WatcherThread [stack: 0x000000dc2b700000,0x000000dc2b800000] [id=20796]
  0x0000024bca3f1ab0 GCTaskThread "GC Thread#0" [stack: 0x000000dc2aa00000,0x000000dc2ab00000] [id=21092]

Threads with active compile tasks:
C2 CompilerThread0    27653  543       4       lombok.patcher.PatchScript::classMatches (41 bytes)
C1 CompilerThread0    27653  553       3       sun.security.provider.ByteArrayAccess::b2iBig64 (231 bytes)

VM state: not at safepoint (normal execution)

VM Mutex/Monitor currently owned by a thread: None

Heap address: 0x00000000c0000000, size: 1024 MB, Compressed Oops mode: 32-bit

CDS archive(s) not mapped
Compressed class space mapped at: 0x0000000100000000-0x0000000140000000, reserved size: 1073741824
Narrow klass base: 0x0000000000000000, Narrow klass shift: 3, Narrow klass range: 0x140000000

GC Precious Log:
 CPUs: 2 total, 2 available
 Memory: 3737M
 Large Page Support: Disabled
 NUMA Support: Disabled
 Compressed Oops: Enabled (32-bit)
 Alignments: Space 512K, Generation 512K, Heap 2M
 Heap Min Capacity: 100M
 Heap Initial Capacity: 100M
 Heap Max Capacity: 1G
 Pre-touch: Disabled
 Parallel Workers: 2

Heap:
 PSYoungGen      total 29696K, used 12679K [0x00000000eab00000, 0x00000000ecc00000, 0x0000000100000000)
  eden space 25600K, 49% used [0x00000000eab00000,0x00000000eb761d00,0x00000000ec400000)
  from space 4096K, 0% used [0x00000000ec800000,0x00000000ec800000,0x00000000ecc00000)
  to   space 4096K, 0% used [0x00000000ec400000,0x00000000ec400000,0x00000000ec800000)
 ParOldGen       total 68608K, used 0K [0x00000000c0000000, 0x00000000c4300000, 0x00000000eab00000)
  object space 68608K, 0% used [0x00000000c0000000,0x00000000c0000000,0x00000000c4300000)
 Metaspace       used 8879K, committed 9024K, reserved 1114112K
  class space    used 876K, committed 960K, reserved 1048576K

Card table byte_map: [0x0000024bc9d80000,0x0000024bc9f90000] _byte_map_base: 0x0000024bc9780000

Marking Bits: (ParMarkBitMap*) 0x00007ffdeff352c0
 Begin Bits: [0x0000024bdc060000, 0x0000024bdd060000)
 End Bits:   [0x0000024bdd060000, 0x0000024bde060000)

Polling page: 0x0000024bc8390000

Metaspace:

Usage:
  Non-class:      7.82 MB used.
      Class:    876.77 KB used.
       Both:      8.67 MB used.

Virtual space:
  Non-class space:       64.00 MB reserved,       7.88 MB ( 12%) committed,  1 nodes.
      Class space:        1.00 GB reserved,     960.00 KB ( <1%) committed,  1 nodes.
             Both:        1.06 GB reserved,       8.81 MB ( <1%) committed. 

Chunk freelists:
   Non-Class:  7.98 MB
       Class:  15.09 MB
        Both:  23.07 MB

MaxMetaspaceSize: unlimited
CompressedClassSpaceSize: 1.00 GB
Initial GC threshold: 21.00 MB
Current GC threshold: 21.00 MB
CDS: off
MetaspaceReclaimPolicy: balanced
 - commit_granule_bytes: 65536.
 - commit_granule_words: 8192.
 - virtual_space_node_default_size: 8388608.
 - enlarge_chunks_in_place: 1.
 - new_chunks_are_fully_committed: 0.
 - uncommit_free_chunks: 1.
 - use_allocation_guard: 0.
 - handle_deallocations: 1.


Internal statistics:

num_allocs_failed_limit: 0.
num_arena_births: 10.
num_arena_deaths: 0.
num_vsnodes_births: 2.
num_vsnodes_deaths: 0.
num_space_committed: 141.
num_space_uncommitted: 0.
num_chunks_returned_to_freelist: 0.
num_chunks_taken_from_freelist: 40.
num_chunk_merges: 0.
num_chunk_splits: 22.
num_chunks_enlarged: 17.
num_inconsistent_stats: 0.

CodeHeap 'non-profiled nmethods': size=120064Kb used=200Kb max_used=200Kb free=119864Kb
 bounds [0x0000024bd4b20000, 0x0000024bd4d90000, 0x0000024bdc060000]
CodeHeap 'profiled nmethods': size=120000Kb used=791Kb max_used=791Kb free=119208Kb
 bounds [0x0000024bcd060000, 0x0000024bcd2d0000, 0x0000024bd4590000]
CodeHeap 'non-nmethods': size=5696Kb used=1130Kb max_used=1145Kb free=4565Kb
 bounds [0x0000024bd4590000, 0x0000024bd4800000, 0x0000024bd4b20000]
 total_blobs=971 nmethods=550 adapters=337
 compilation: enabled
              stopped_count=0, restarted_count=0
 full_count=0

Compilation events (20 events):
Event: 27.471 Thread 0x0000024bde1e8ee0  541       4       java.util.Collections$UnmodifiableCollection$1::<init> (26 bytes)
Event: 27.485 Thread 0x0000024bde1e8ee0 nmethod 541 0x0000024bd4b4fe10 code [0x0000024bd4b4ffc0, 0x0000024bd4b505b8]
Event: 27.485 Thread 0x0000024bde1e8ee0  542       4       java.util.Collections$UnmodifiableCollection::iterator (9 bytes)
Event: 27.500 Thread 0x0000024bde1e8ee0 nmethod 542 0x0000024bd4b50a10 code [0x0000024bd4b50be0, 0x0000024bd4b51218]
Event: 27.505 Thread 0x0000024bde1e8ee0  543       4       lombok.patcher.PatchScript::classMatches (41 bytes)
Event: 27.572 Thread 0x0000024bde24dbc0  545       3       java.util.Arrays::copyOf (40 bytes)
Event: 27.572 Thread 0x0000024bde24dbc0 nmethod 545 0x0000024bcd123210 code [0x0000024bcd123400, 0x0000024bcd123aa8]
Event: 27.573 Thread 0x0000024bde24dbc0  547       3       java.util.concurrent.ConcurrentHashMap$Node::<init> (14 bytes)
Event: 27.573 Thread 0x0000024bde24dbc0 nmethod 547 0x0000024bcd123c90 code [0x0000024bcd123e40, 0x0000024bcd124058]
Event: 27.573 Thread 0x0000024bde24dbc0  548       3       java.lang.String::valueOf (15 bytes)
Event: 27.573 Thread 0x0000024bde24dbc0 nmethod 548 0x0000024bcd124190 code [0x0000024bcd124340, 0x0000024bcd124548]
Event: 27.574 Thread 0x0000024bde24dbc0  549       3       java.security.Provider$ServiceKey::<init> (39 bytes)
Event: 27.574 Thread 0x0000024bde24dbc0 nmethod 549 0x0000024bcd124610 code [0x0000024bcd124800, 0x0000024bcd124c48]
Event: 27.575 Thread 0x0000024bde24dbc0  550       1       java.security.Provider$UString::toString (5 bytes)
Event: 27.575 Thread 0x0000024bde24dbc0 nmethod 550 0x0000024bd4b51a10 code [0x0000024bd4b51ba0, 0x0000024bd4b51c78]
Event: 27.575 Thread 0x0000024bde24dbc0  551       1       java.security.Provider$Service::getProvider (5 bytes)
Event: 27.576 Thread 0x0000024bde24dbc0 nmethod 551 0x0000024bd4b51d10 code [0x0000024bd4b51ea0, 0x0000024bd4b51f78]
Event: 27.577 Thread 0x0000024bde24dbc0  552       3       sun.security.provider.SHA2::implCompress0 (490 bytes)
Event: 27.578 Thread 0x0000024bde24dbc0 nmethod 552 0x0000024bcd124e10 code [0x0000024bcd125000, 0x0000024bcd125868]
Event: 27.579 Thread 0x0000024bde24dbc0  553       3       sun.security.provider.ByteArrayAccess::b2iBig64 (231 bytes)

GC Heap History (0 events):
No events

Dll operation events (8 events):
Event: 4.983 Loaded shared library c:\Users\chaym\.vscode\extensions\redhat.java-1.21.0-win32-x64\jre\17.0.7-win32-x86_64\bin\java.dll
Event: 11.577 Loaded shared library c:\Users\chaym\.vscode\extensions\redhat.java-1.21.0-win32-x64\jre\17.0.7-win32-x86_64\bin\zip.dll
Event: 14.381 Loaded shared library C:\Users\chaym\.vscode\extensions\redhat.java-1.21.0-win32-x64\jre\17.0.7-win32-x86_64\bin\instrument.dll
Event: 15.359 Loaded shared library C:\Users\chaym\.vscode\extensions\redhat.java-1.21.0-win32-x64\jre\17.0.7-win32-x86_64\bin\net.dll
Event: 15.639 Loaded shared library C:\Users\chaym\.vscode\extensions\redhat.java-1.21.0-win32-x64\jre\17.0.7-win32-x86_64\bin\nio.dll
Event: 18.919 Loaded shared library C:\Users\chaym\.vscode\extensions\redhat.java-1.21.0-win32-x64\jre\17.0.7-win32-x86_64\bin\zip.dll
Event: 20.665 Loaded shared library C:\Users\chaym\.vscode\extensions\redhat.java-1.21.0-win32-x64\jre\17.0.7-win32-x86_64\bin\jimage.dll
Event: 23.708 Loaded shared library c:\Users\chaym\.vscode\extensions\redhat.java-1.21.0-win32-x64\jre\17.0.7-win32-x86_64\bin\verify.dll

Deoptimization events (20 events):
Event: 25.674 Thread 0x0000024bca3dc270 Uncommon trap: trap_request=0xffffffde fr.pc=0x0000024bd4b419a4 relative=0x0000000000000104
Event: 25.674 Thread 0x0000024bca3dc270 Uncommon trap: reason=class_check action=maybe_recompile pc=0x0000024bd4b419a4 method=jdk.internal.misc.Unsafe.allocateUninitializedArray(Ljava/lang/Class;I)Ljava/lang/Object; @ 51 c2
Event: 25.674 Thread 0x0000024bca3dc270 DEOPT PACKING pc=0x0000024bd4b419a4 sp=0x000000dc2a9fb4b0
Event: 25.674 Thread 0x0000024bca3dc270 DEOPT UNPACKING pc=0x0000024bd45e669d sp=0x000000dc2a9fb438 mode 2
Event: 25.674 Thread 0x0000024bca3dc270 Uncommon trap: trap_request=0xffffffde fr.pc=0x0000024bd4b419a4 relative=0x0000000000000104
Event: 25.674 Thread 0x0000024bca3dc270 Uncommon trap: reason=class_check action=maybe_recompile pc=0x0000024bd4b419a4 method=jdk.internal.misc.Unsafe.allocateUninitializedArray(Ljava/lang/Class;I)Ljava/lang/Object; @ 51 c2
Event: 25.674 Thread 0x0000024bca3dc270 DEOPT PACKING pc=0x0000024bd4b419a4 sp=0x000000dc2a9fb4f0
Event: 25.674 Thread 0x0000024bca3dc270 DEOPT UNPACKING pc=0x0000024bd45e669d sp=0x000000dc2a9fb478 mode 2
Event: 25.928 Thread 0x0000024bca3dc270 Uncommon trap: trap_request=0xffffff45 fr.pc=0x0000024bd4b33740 relative=0x00000000000000c0
Event: 25.928 Thread 0x0000024bca3dc270 Uncommon trap: reason=unstable_if action=reinterpret pc=0x0000024bd4b33740 method=java.net.URI.match(CJJ)Z @ 45 c2
Event: 25.928 Thread 0x0000024bca3dc270 DEOPT PACKING pc=0x0000024bd4b33740 sp=0x000000dc2a9fcac0
Event: 25.928 Thread 0x0000024bca3dc270 DEOPT UNPACKING pc=0x0000024bd45e669d sp=0x000000dc2a9fca48 mode 2
Event: 25.961 Thread 0x0000024bca3dc270 Uncommon trap: trap_request=0xffffff45 fr.pc=0x0000024bd4b451ac relative=0x00000000000005ac
Event: 25.961 Thread 0x0000024bca3dc270 Uncommon trap: reason=unstable_if action=reinterpret pc=0x0000024bd4b451ac method=java.lang.String.replace(Ljava/lang/CharSequence;Ljava/lang/CharSequence;)Ljava/lang/String; @ 48 c2
Event: 25.961 Thread 0x0000024bca3dc270 DEOPT PACKING pc=0x0000024bd4b451ac sp=0x000000dc2a9fca20
Event: 25.961 Thread 0x0000024bca3dc270 DEOPT UNPACKING pc=0x0000024bd45e669d sp=0x000000dc2a9fc990 mode 2
Event: 27.193 Thread 0x0000024bca3dc270 Uncommon trap: trap_request=0xffffffde fr.pc=0x0000024bd4b2c23c relative=0x00000000000006bc
Event: 27.193 Thread 0x0000024bca3dc270 Uncommon trap: reason=class_check action=maybe_recompile pc=0x0000024bd4b2c23c method=java.util.HashMap.putVal(ILjava/lang/Object;Ljava/lang/Object;ZZ)Ljava/lang/Object; @ 91 c2
Event: 27.193 Thread 0x0000024bca3dc270 DEOPT PACKING pc=0x0000024bd4b2c23c sp=0x000000dc2a9fde90
Event: 27.193 Thread 0x0000024bca3dc270 DEOPT UNPACKING pc=0x0000024bd45e669d sp=0x000000dc2a9fde30 mode 2

Classes unloaded (0 events):
No events

Classes redefined (0 events):
No events

Internal exceptions (2 events):
Event: 11.150 Thread 0x0000024bca3dc270 Exception <a 'java/lang/NoSuchMethodError'{0x00000000eacb1f30}: 'void java.lang.invoke.DirectMethodHandle$Holder.invokeStatic(java.lang.Object, java.lang.Object, java.lang.Object)'> (0x00000000eacb1f30) 
thrown [s\src\hotspot\share\interpreter\linkResolver.cpp, line 759]
Event: 24.373 Thread 0x0000024bca3dc270 Exception <a 'java/lang/reflect/InvocationTargetException'{0x00000000eaf79460}> (0x00000000eaf79460) 
thrown [s\src\hotspot\share\runtime\reflection.cpp, line 1121]

VM Operations (20 events):
Event: 11.207 Executing VM operation: HandshakeAllThreads
Event: 11.209 Executing VM operation: HandshakeAllThreads done
Event: 11.209 Executing VM operation: Cleanup
Event: 11.210 Executing VM operation: Cleanup done
Event: 12.224 Executing VM operation: Cleanup
Event: 12.224 Executing VM operation: Cleanup done
Event: 14.395 Executing VM operation: Cleanup
Event: 14.414 Executing VM operation: Cleanup done
Event: 20.488 Executing VM operation: Cleanup
Event: 20.653 Executing VM operation: Cleanup done
Event: 20.885 Executing VM operation: HandshakeAllThreads
Event: 20.885 Executing VM operation: HandshakeAllThreads done
Event: 22.476 Executing VM operation: Cleanup
Event: 23.405 Executing VM operation: Cleanup done
Event: 25.420 Executing VM operation: Cleanup
Event: 25.622 Executing VM operation: Cleanup done
Event: 26.636 Executing VM operation: Cleanup
Event: 26.655 Executing VM operation: Cleanup done
Event: 27.470 Executing VM operation: HandshakeAllThreads
Event: 27.470 Executing VM operation: HandshakeAllThreads done

Events (20 events):
Event: 27.467 loading class sun/security/util/KeyUtil
Event: 27.468 loading class sun/security/util/KeyUtil done
Event: 27.468 loading class sun/security/util/Length
Event: 27.468 loading class sun/security/util/Length done
Event: 27.469 loading class javax/crypto/SecretKey
Event: 27.469 loading class javax/crypto/SecretKey done
Event: 27.469 loading class java/util/LinkedHashMap$LinkedEntrySet
Event: 27.469 loading class java/util/LinkedHashMap$LinkedEntrySet done
Event: 27.469 loading class java/util/LinkedHashMap$LinkedEntryIterator
Event: 27.470 loading class java/util/LinkedHashMap$LinkedEntryIterator done
Event: 27.471 loading class java/util/Base64
Event: 27.500 loading class java/util/Base64 done
Event: 27.500 loading class java/util/Base64$Decoder
Event: 27.502 loading class java/util/Base64$Decoder done
Event: 27.503 loading class java/util/Base64$Encoder
Event: 27.503 loading class java/util/Base64$Encoder done
Event: 27.503 loading class java/util/jar/JarVerifier$VerifierStream
Event: 27.504 loading class java/util/jar/JarVerifier$VerifierStream done
Event: 27.504 loading class sun/security/util/ManifestEntryVerifier$SunProviderHolder
Event: 27.571 loading class sun/security/util/ManifestEntryVerifier$SunProviderHolder done


Dynamic libraries:
0x00007ff6e4140000 - 0x00007ff6e414e000 	c:\Users\chaym\.vscode\extensions\redhat.java-1.21.0-win32-x64\jre\17.0.7-win32-x86_64\bin\java.exe
0x00007ffe867d0000 - 0x00007ffe869e4000 	C:\WINDOWS\SYSTEM32\ntdll.dll
0x00007ffe85050000 - 0x00007ffe85114000 	C:\WINDOWS\System32\KERNEL32.DLL
0x00007ffe841b0000 - 0x00007ffe84554000 	C:\WINDOWS\System32\KERNELBASE.dll
0x00007ffe84090000 - 0x00007ffe841a1000 	C:\WINDOWS\System32\ucrtbase.dll
0x00007ffe5c060000 - 0x00007ffe5c079000 	c:\Users\chaym\.vscode\extensions\redhat.java-1.21.0-win32-x64\jre\17.0.7-win32-x86_64\bin\VCRUNTIME140.dll
0x00007ffe5b640000 - 0x00007ffe5b657000 	c:\Users\chaym\.vscode\extensions\redhat.java-1.21.0-win32-x64\jre\17.0.7-win32-x86_64\bin\jli.dll
0x00007ffe86550000 - 0x00007ffe866fe000 	C:\WINDOWS\System32\USER32.dll
0x00007ffe83b80000 - 0x00007ffe83ba6000 	C:\WINDOWS\System32\win32u.dll
0x00007ffe848e0000 - 0x00007ffe84909000 	C:\WINDOWS\System32\GDI32.dll
0x00007ffe83da0000 - 0x00007ffe83eb8000 	C:\WINDOWS\System32\gdi32full.dll
0x00007ffe83ec0000 - 0x00007ffe83f5a000 	C:\WINDOWS\System32\msvcp_win.dll
0x00007ffe6c2a0000 - 0x00007ffe6c533000 	C:\WINDOWS\WinSxS\amd64_microsoft.windows.common-controls_6595b64144ccf1df_6.0.22621.2215_none_270d72677387dfc3\COMCTL32.dll
0x00007ffe84ef0000 - 0x00007ffe84f97000 	C:\WINDOWS\System32\msvcrt.dll
0x00007ffe85a50000 - 0x00007ffe85a81000 	C:\WINDOWS\System32\IMM32.DLL
0x00007ffe5c300000 - 0x00007ffe5c30c000 	c:\Users\chaym\.vscode\extensions\redhat.java-1.21.0-win32-x64\jre\17.0.7-win32-x86_64\bin\vcruntime140_1.dll
0x00007ffe3e160000 - 0x00007ffe3e1f1000 	c:\Users\chaym\.vscode\extensions\redhat.java-1.21.0-win32-x64\jre\17.0.7-win32-x86_64\bin\msvcp140.dll
0x00007ffdef3b0000 - 0x00007ffdefff8000 	c:\Users\chaym\.vscode\extensions\redhat.java-1.21.0-win32-x64\jre\17.0.7-win32-x86_64\bin\server\jvm.dll
0x00007ffe84fa0000 - 0x00007ffe85050000 	C:\WINDOWS\System32\ADVAPI32.dll
0x00007ffe85880000 - 0x00007ffe85926000 	C:\WINDOWS\System32\sechost.dll
0x00007ffe85930000 - 0x00007ffe85a47000 	C:\WINDOWS\System32\RPCRT4.dll
0x00007ffe74710000 - 0x00007ffe74719000 	C:\WINDOWS\SYSTEM32\WSOCK32.dll
0x00007ffe86710000 - 0x00007ffe86781000 	C:\WINDOWS\System32\WS2_32.dll
0x00007ffe746d0000 - 0x00007ffe74704000 	C:\WINDOWS\SYSTEM32\WINMM.dll
0x00007ffe70b40000 - 0x00007ffe70b4a000 	C:\WINDOWS\SYSTEM32\VERSION.dll
0x00007ffe82b50000 - 0x00007ffe82b68000 	C:\WINDOWS\SYSTEM32\kernel.appcore.dll
0x00007ffe59760000 - 0x00007ffe5976a000 	c:\Users\chaym\.vscode\extensions\redhat.java-1.21.0-win32-x64\jre\17.0.7-win32-x86_64\bin\jimage.dll
0x00007ffe816c0000 - 0x00007ffe818ee000 	C:\WINDOWS\SYSTEM32\DBGHELP.DLL
0x00007ffe853c0000 - 0x00007ffe8574a000 	C:\WINDOWS\System32\combase.dll
0x00007ffe84720000 - 0x00007ffe847f7000 	C:\WINDOWS\System32\OLEAUT32.dll
0x00007ffe5e700000 - 0x00007ffe5e732000 	C:\WINDOWS\SYSTEM32\dbgcore.DLL
0x00007ffe83d20000 - 0x00007ffe83d9a000 	C:\WINDOWS\System32\bcryptPrimitives.dll
0x00007ffe59750000 - 0x00007ffe5975e000 	c:\Users\chaym\.vscode\extensions\redhat.java-1.21.0-win32-x64\jre\17.0.7-win32-x86_64\bin\instrument.dll
0x00007ffe59200000 - 0x00007ffe59225000 	c:\Users\chaym\.vscode\extensions\redhat.java-1.21.0-win32-x64\jre\17.0.7-win32-x86_64\bin\java.dll
0x00007ffe59350000 - 0x00007ffe59368000 	c:\Users\chaym\.vscode\extensions\redhat.java-1.21.0-win32-x64\jre\17.0.7-win32-x86_64\bin\zip.dll
0x00007ffe85a90000 - 0x00007ffe862b3000 	C:\WINDOWS\System32\SHELL32.dll
0x00007ffe818f0000 - 0x00007ffe821da000 	C:\WINDOWS\SYSTEM32\windows.storage.dll
0x00007ffe81580000 - 0x00007ffe816be000 	C:\WINDOWS\SYSTEM32\wintypes.dll
0x00007ffe84910000 - 0x00007ffe84a03000 	C:\WINDOWS\System32\SHCORE.dll
0x00007ffe84e90000 - 0x00007ffe84eee000 	C:\WINDOWS\System32\shlwapi.dll
0x00007ffe83ab0000 - 0x00007ffe83ad6000 	C:\WINDOWS\SYSTEM32\profapi.dll
0x00007ffe591e0000 - 0x00007ffe591f9000 	C:\Users\chaym\.vscode\extensions\redhat.java-1.21.0-win32-x64\jre\17.0.7-win32-x86_64\bin\net.dll
0x00007ffe74490000 - 0x00007ffe745c7000 	C:\WINDOWS\SYSTEM32\WINHTTP.dll
0x00007ffe83010000 - 0x00007ffe83079000 	C:\WINDOWS\system32\mswsock.dll
0x00007ffe58d50000 - 0x00007ffe58d65000 	C:\Users\chaym\.vscode\extensions\redhat.java-1.21.0-win32-x64\jre\17.0.7-win32-x86_64\bin\nio.dll
0x00007ffe594c0000 - 0x00007ffe594d0000 	c:\Users\chaym\.vscode\extensions\redhat.java-1.21.0-win32-x64\jre\17.0.7-win32-x86_64\bin\verify.dll

dbghelp: loaded successfully - version: 4.0.5 - missing functions: none
symbol engine: initialized successfully - sym options: 0x614 - pdb path: .;c:\Users\chaym\.vscode\extensions\redhat.java-1.21.0-win32-x64\jre\17.0.7-win32-x86_64\bin;C:\WINDOWS\SYSTEM32;C:\WINDOWS\WinSxS\amd64_microsoft.windows.common-controls_6595b64144ccf1df_6.0.22621.2215_none_270d72677387dfc3;c:\Users\chaym\.vscode\extensions\redhat.java-1.21.0-win32-x64\jre\17.0.7-win32-x86_64\bin\server

VM Arguments:
jvm_args: --add-modules=ALL-SYSTEM --add-opens=java.base/java.util=ALL-UNNAMED --add-opens=java.base/java.lang=ALL-UNNAMED --add-opens=java.base/sun.nio.fs=ALL-UNNAMED -Declipse.application=org.eclipse.jdt.ls.core.id1 -Dosgi.bundles.defaultStartLevel=4 -Declipse.product=org.eclipse.jdt.ls.core.product -Djava.import.generatesMetadataFilesAtProjectRoot=false -Dfile.encoding=utf8 -XX:+UseParallelGC -XX:GCTimeRatio=4 -XX:AdaptiveSizePolicyWeight=90 -Dsun.zip.disableMemoryMapping=true -Xmx1G -Xms100m -Xlog:disable -javaagent:c:\Users\chaym\.vscode\extensions\redhat.java-1.21.0-win32-x64\lombok\lombok-1.18.28.jar 
java_command: c:\Users\chaym\.vscode\extensions\redhat.java-1.21.0-win32-x64\server\plugins\org.eclipse.equinox.launcher_1.6.500.v20230717-2134.jar -configuration c:\Users\chaym\AppData\Roaming\Code\User\globalStorage\redhat.java\1.21.0\config_ss_win -data c:\Users\chaym\AppData\Roaming\Code\User\workspaceStorage\fe70d8169eee6b8484c2cacaaefc4fa9\redhat.java\ss_ws
java_class_path (initial): c:\Users\chaym\.vscode\extensions\redhat.java-1.21.0-win32-x64\server\plugins\org.eclipse.equinox.launcher_1.6.500.v20230717-2134.jar
Launcher Type: SUN_STANDARD

[Global flags]
    uintx AdaptiveSizePolicyWeight                 = 90                                        {product} {command line}
     intx CICompilerCount                          = 2                                         {product} {ergonomic}
    uintx GCTimeRatio                              = 4                                         {product} {command line}
   size_t InitialHeapSize                          = 104857600                                 {product} {command line}
   size_t MaxHeapSize                              = 1073741824                                {product} {command line}
   size_t MaxNewSize                               = 357564416                                 {product} {ergonomic}
   size_t MinHeapDeltaBytes                        = 524288                                    {product} {ergonomic}
   size_t MinHeapSize                              = 104857600                                 {product} {command line}
   size_t NewSize                                  = 34603008                                  {product} {ergonomic}
    uintx NonNMethodCodeHeapSize                   = 5826188                                {pd product} {ergonomic}
    uintx NonProfiledCodeHeapSize                  = 122916026                              {pd product} {ergonomic}
   size_t OldSize                                  = 70254592                                  {product} {ergonomic}
    uintx ProfiledCodeHeapSize                     = 122916026                              {pd product} {ergonomic}
    uintx ReservedCodeCacheSize                    = 251658240                              {pd product} {ergonomic}
     bool SegmentedCodeCache                       = true                                      {product} {ergonomic}
   size_t SoftMaxHeapSize                          = 1073741824                             {manageable} {ergonomic}
     bool UseCompressedClassPointers               = true                           {product lp64_product} {ergonomic}
     bool UseCompressedOops                        = true                           {product lp64_product} {ergonomic}
     bool UseLargePagesIndividualAllocation        = false                                  {pd product} {ergonomic}
     bool UseParallelGC                            = true                                      {product} {command line}

Logging:
Log output configuration:
 #0: stdout all=off uptime,level,tags
 #1: stderr all=off uptime,level,tags

Environment Variables:
JAVA_HOME=C:\Program Files\Java\jdk-17
PATH=C:\Program Files\Common Files\Oracle\Java\javapath;C:\Python311\Scripts\;C:\Python311\;C:\WINDOWS\system32;C:\WINDOWS;C:\WINDOWS\System32\Wbem;C:\WINDOWS\System32\WindowsPowerShell\v1.0\;C:\WINDOWS\System32\OpenSSH\;C:\Program Files\nodejs\;C:\ProgramData\chocolatey\bin;C:\Program Files\Git\cmd;C:\ProgramData\chocolatey\lib\maven\apache-maven-3.9.4\bin;C:\ProgramData\chocolatey\lib\maven\apache-maven-3.9.4\bin;C:\Program Files\Java\jdk-17;C:\Program Files\Java\jdk-17\bin;;C:\Program Files\Docker\Docker\resources\bin;C:\ProgramData\DockerDesktop\version-bin;C:\Users\chaym\AppData\Local\Microsoft\WindowsApps;C:\Users\chaym\AppData\Roaming\npm;C:\Users\chaym\AppData\Local\Programs\Microsoft VS Code\bin;C:\Program Files\JetBrains\IntelliJ IDEA Community Edition 2023.2\bin;
USERNAME=chaym
OS=Windows_NT
PROCESSOR_IDENTIFIER=Intel64 Family 6 Model 122 Stepping 8, GenuineIntel
TMP=C:\Users\chaym\AppData\Local\Temp
TEMP=C:\Users\chaym\AppData\Local\Temp



---------------  S Y S T E M  ---------------

OS:
 Windows 11 , 64 bit Build 22621 (10.0.22621.2215)
OS uptime: 0 days 2:24 hours
Hyper-V role detected

CPU: total 2 (initial active 2) (2 cores per cpu, 1 threads per core) family 6 model 122 stepping 8 microcode 0x1a, cx8, cmov, fxsr, mmx, 3dnowpref, sse, sse2, sse3, ssse3, sse4.1, sse4.2, popcnt, tsc, tscinvbit, aes, erms, clmul, sha, clflush, clflushopt, hv

Memory: 4k page, system-wide physical 3737M (220M free)
TotalPageFile size 15001M (AvailPageFile size 3M)
current process WorkingSet (physical memory assigned to process): 42M, peak: 42M
current process commit charge ("private bytes"): 174M, peak: 174M

vm_info: OpenJDK 64-Bit Server VM (17.0.7+7) for windows-amd64 JRE (17.0.7+7), built on Apr 18 2023 22:10:42 by "temurin" with MS VC++ 16.7 (VS2019)

END.
